app/build/intermediates/manifest_merge_blame_file/release/manifest-merger-blame-release-report.txt
1<?xml version="1.0" encoding="utf-8"?>
2<manifest xmlns:android="http://schemas.android.com/apk/res/android"
3    package="com.HBuilder.UniPlugin"
4    android:versionCode="1"
5    android:versionName="1.0" >
6
7    <uses-sdk
8        android:minSdkVersion="21"
8-->src\main\AndroidManifest.xml
9        android:targetSdkVersion="30" />
9-->src\main\AndroidManifest.xml
10
11    <supports-screens
11-->src\main\AndroidManifest.xml:6:5-11:39
12        android:anyDensity="true"
12-->src\main\AndroidManifest.xml:7:9-34
13        android:largeScreens="true"
13-->src\main\AndroidManifest.xml:8:9-36
14        android:normalScreens="true"
14-->src\main\AndroidManifest.xml:9:9-37
15        android:resizeable="true"
15-->src\main\AndroidManifest.xml:10:9-34
16        android:smallScreens="true" /> <!-- Barcode(二维码)  begin -->
16-->src\main\AndroidManifest.xml:11:9-36
17
18    <uses-permission android:name="android.permission.INTERNET" />
18-->src\main\AndroidManifest.xml:14:5-67
18-->src\main\AndroidManifest.xml:14:22-64
19    <uses-permission android:name="android.permission.ACCESS_COARSE_LOCATION" /> <!-- 粗略定位权限 -->
19-->src\main\AndroidManifest.xml:15:5-81
19-->src\main\AndroidManifest.xml:15:22-78
20    <uses-permission android:name="android.permission.ACCESS_FINE_LOCATION" /> <!-- 精确定位权限 -->
20-->src\main\AndroidManifest.xml:16:5-79
20-->src\main\AndroidManifest.xml:16:22-76
21
22    <uses-permission android:name="android.permission.WRITE_EXTERNAL_STORAGE" />
22-->src\main\AndroidManifest.xml:18:5-80
22-->src\main\AndroidManifest.xml:18:22-78
23    <uses-permission android:name="android.permission.READ_EXTERNAL_STORAGE" />
23-->src\main\AndroidManifest.xml:19:5-79
23-->src\main\AndroidManifest.xml:19:22-77
24    <uses-permission android:name="android.permission.CAMERA" />
24-->src\main\AndroidManifest.xml:20:5-64
24-->src\main\AndroidManifest.xml:20:22-62
25    <uses-permission android:name="android.permission.ACCESS_FINE_LOCATION" />
25-->src\main\AndroidManifest.xml:16:5-79
25-->src\main\AndroidManifest.xml:16:22-76
26
27    <uses-feature android:name="android.permission.hardware.camera" />
27-->src\main\AndroidManifest.xml:23:5-70
27-->src\main\AndroidManifest.xml:23:19-68
28    <uses-feature android:name="android.permission.WRITE_EXTERNAL_STORAGE" />
28-->src\main\AndroidManifest.xml:24:5-77
28-->src\main\AndroidManifest.xml:24:19-75
29    <uses-feature android:name="android.hardware.camera.autofocus" />
29-->src\main\AndroidManifest.xml:25:5-69
29-->src\main\AndroidManifest.xml:25:19-67
30
31    <!-- OpenGL ES支持 -->
32    <uses-feature
32-->src\main\AndroidManifest.xml:28:5-30:35
33        android:glEsVersion="0x00020000"
33-->src\main\AndroidManifest.xml:29:9-41
34        android:required="true" />
34-->src\main\AndroidManifest.xml:30:9-32
35
36    <uses-permission android:name="android.permission.ACCESS_NETWORK_STATE" />
36-->[lib.5plus.base-release.aar] AndroidManifest.xml:18:5-79
36-->[lib.5plus.base-release.aar] AndroidManifest.xml:18:22-76
37    <!--
38    <uses-permission
39        android:name="com.android.launcher.permission.UNINSTALL_SHORTCUT" />
40    -->
41    <!-- 华为修改角标需要设置权限 -->
42    <uses-permission android:name="com.huawei.android.launcher.permission.CHANGE_BADGE" /> <!-- vivo 修改角标需要设置权限 -->
42-->[lib.5plus.base-release.aar] AndroidManifest.xml:24:5-91
42-->[lib.5plus.base-release.aar] AndroidManifest.xml:24:22-88
43    <uses-permission android:name="com.vivo.notification.permission.BADGE_ICON" />
43-->[lib.5plus.base-release.aar] AndroidManifest.xml:26:5-83
43-->[lib.5plus.base-release.aar] AndroidManifest.xml:26:22-80
44
45    <queries>
45-->[lib.5plus.base-release.aar] AndroidManifest.xml:28:5-32:15
46        <intent>
46-->[lib.5plus.base-release.aar] AndroidManifest.xml:29:9-31:18
47            <action android:name="android.intent.action.MAIN" />
47-->src\main\AndroidManifest.xml:63:17-69
47-->src\main\AndroidManifest.xml:63:25-66
48        </intent>
49    </queries>
50
51    <uses-permission android:name="com.asus.msa.SupplementaryDID.ACCESS" />
51-->[oaid_sdk_1.0.25.aar] AndroidManifest.xml:13:5-76
51-->[oaid_sdk_1.0.25.aar] AndroidManifest.xml:13:22-73
52    <uses-permission android:name="freemme.permission.msa" />
52-->[oaid_sdk_1.0.25.aar] AndroidManifest.xml:15:5-62
52-->[oaid_sdk_1.0.25.aar] AndroidManifest.xml:15:22-59
53
54    <application
54-->src\main\AndroidManifest.xml:32:5-108:19
55        android:name="io.dcloud.application.DCloudApplication"
55-->src\main\AndroidManifest.xml:33:9-63
56        android:allowBackup="true"
56-->src\main\AndroidManifest.xml:34:9-35
57        android:allowClearUserData="true"
57-->src\main\AndroidManifest.xml:35:9-42
58        android:appComponentFactory="androidx.core.app.CoreComponentFactory"
58-->[androidx.core:core:1.3.1] AndroidManifest.xml:24:18-86
59        android:icon="@drawable/icon"
59-->src\main\AndroidManifest.xml:36:9-38
60        android:label="@string/app_name"
60-->src\main\AndroidManifest.xml:37:9-41
61        android:largeHeap="true"
61-->src\main\AndroidManifest.xml:38:9-33
62        android:supportsRtl="true"
62-->src\main\AndroidManifest.xml:39:9-35
63        android:theme="@style/AppTheme"
63-->[com.laocaixw.suspendbuttonlayout:suspendbuttonlayout:1.0.3] AndroidManifest.xml:16:9-40
64        android:usesCleartextTraffic="true" >
64-->[lib.5plus.base-release.aar] AndroidManifest.xml:167:9-44
65        <activity
65-->src\main\AndroidManifest.xml:41:9-67:20
66            android:name="io.dcloud.PandoraEntry"
66-->src\main\AndroidManifest.xml:42:13-50
67            android:configChanges="orientation|keyboardHidden|screenSize|mcc|mnc|fontScale"
67-->src\main\AndroidManifest.xml:43:13-92
68            android:hardwareAccelerated="true"
68-->src\main\AndroidManifest.xml:44:13-47
69            android:theme="@style/TranslucentTheme"
69-->src\main\AndroidManifest.xml:45:13-52
70            android:windowSoftInputMode="adjustResize" >
70-->src\main\AndroidManifest.xml:46:13-55
71            <intent-filter>
71-->src\main\AndroidManifest.xml:47:13-54:29
72                <data android:scheme="hbuilder" />
72-->src\main\AndroidManifest.xml:48:17-51
72-->src\main\AndroidManifest.xml:48:23-48
73
74                <action android:name="android.intent.action.VIEW" />
74-->src\main\AndroidManifest.xml:50:17-69
74-->src\main\AndroidManifest.xml:50:25-66
75
76                <category android:name="android.intent.category.DEFAULT" />
76-->src\main\AndroidManifest.xml:52:17-76
76-->src\main\AndroidManifest.xml:52:27-73
77                <category android:name="android.intent.category.BROWSABLE" />
77-->src\main\AndroidManifest.xml:53:17-78
77-->src\main\AndroidManifest.xml:53:27-75
78            </intent-filter>
79            <intent-filter>
79-->src\main\AndroidManifest.xml:55:13-61:29
80                <data android:mimeType="image/*" />
80-->src\main\AndroidManifest.xml:48:17-51
80-->src\main\AndroidManifest.xml:56:23-49
81
82                <action android:name="android.intent.action.SEND" />
82-->src\main\AndroidManifest.xml:58:17-69
82-->src\main\AndroidManifest.xml:58:25-66
83
84                <category android:name="android.intent.category.DEFAULT" />
84-->src\main\AndroidManifest.xml:52:17-76
84-->src\main\AndroidManifest.xml:52:27-73
85            </intent-filter>
86            <intent-filter>
86-->src\main\AndroidManifest.xml:62:13-66:29
87                <action android:name="android.intent.action.MAIN" />
87-->src\main\AndroidManifest.xml:63:17-69
87-->src\main\AndroidManifest.xml:63:25-66
88
89                <category android:name="android.intent.category.LAUNCHER" />
89-->src\main\AndroidManifest.xml:65:17-77
89-->src\main\AndroidManifest.xml:65:27-74
90            </intent-filter>
91        </activity>
92
93        <meta-data
93-->src\main\AndroidManifest.xml:69:9-71:36
94            android:name="dcloud_uninview_background"
94-->src\main\AndroidManifest.xml:70:13-54
95            android:value="true" />
95-->src\main\AndroidManifest.xml:71:13-33
96
97        <activity
97-->src\main\AndroidManifest.xml:73:9-90:20
98            android:name="io.dcloud.PandoraEntryActivity"
98-->src\main\AndroidManifest.xml:74:13-58
99            android:configChanges="orientation|keyboardHidden|screenSize|mcc|mnc|fontScale|keyboard"
99-->src\main\AndroidManifest.xml:75:13-101
100            android:hardwareAccelerated="true"
100-->src\main\AndroidManifest.xml:76:13-47
101            android:launchMode="singleTask"
101-->src\main\AndroidManifest.xml:77:13-44
102            android:permission="com.miui.securitycenter.permission.AppPermissionsEditor"
102-->src\main\AndroidManifest.xml:78:13-89
103            android:screenOrientation="user"
103-->src\main\AndroidManifest.xml:79:13-45
104            android:theme="@style/DCloudTheme"
104-->src\main\AndroidManifest.xml:80:13-47
105            android:windowSoftInputMode="adjustResize" >
105-->src\main\AndroidManifest.xml:81:13-55
106            <intent-filter>
106-->src\main\AndroidManifest.xml:82:13-89:29
107                <category android:name="android.intent.category.DEFAULT" />
107-->src\main\AndroidManifest.xml:52:17-76
107-->src\main\AndroidManifest.xml:52:27-73
108                <category android:name="android.intent.category.BROWSABLE" />
108-->src\main\AndroidManifest.xml:53:17-78
108-->src\main\AndroidManifest.xml:53:27-75
109
110                <action android:name="android.intent.action.VIEW" />
110-->src\main\AndroidManifest.xml:50:17-69
110-->src\main\AndroidManifest.xml:50:25-66
111
112                <data android:scheme="h56131bcf" />
112-->src\main\AndroidManifest.xml:48:17-51
112-->src\main\AndroidManifest.xml:48:23-48
113            </intent-filter>
114        </activity>
115        <activity android:name="com.HBuilder.UniPlugin.MainActivity" /> <!-- 应用入口 -->
115-->src\main\AndroidManifest.xml:91:9-50
115-->src\main\AndroidManifest.xml:91:19-47
116
117        <provider
117-->src\main\AndroidManifest.xml:93:9-101:20
118            android:name="io.dcloud.common.util.DCloud_FileProvider"
118-->src\main\AndroidManifest.xml:94:13-69
119            android:authorities="com.HBuilder.UniPlugin.dc.fileprovider"
119-->src\main\AndroidManifest.xml:95:13-73
120            android:exported="false"
120-->src\main\AndroidManifest.xml:96:13-37
121            android:grantUriPermissions="true" >
121-->src\main\AndroidManifest.xml:97:13-47
122            <meta-data
122-->src\main\AndroidManifest.xml:98:13-100:64
123                android:name="android.support.FILE_PROVIDER_PATHS"
123-->src\main\AndroidManifest.xml:99:17-67
124                android:resource="@xml/dcloud_file_provider" />
124-->src\main\AndroidManifest.xml:100:17-61
125        </provider>
126
127        <meta-data
127-->src\main\AndroidManifest.xml:103:9-105:64
128            android:name="dcloud_appkey"
128-->src\main\AndroidManifest.xml:104:13-41
129            android:value="fb2679294fa48a1dad40ff10fa369ed8" />
129-->src\main\AndroidManifest.xml:105:13-61
130
131        <activity android:name="com.HBuilder.UniPlugin.TestActivity" />
131-->src\main\AndroidManifest.xml:106:9-59
131-->src\main\AndroidManifest.xml:106:19-47
132        <activity android:name="com.HBuilder.UniPlugin.SelfCameraActivity" />
132-->src\main\AndroidManifest.xml:107:9-65
132-->src\main\AndroidManifest.xml:107:19-53
133
134        <service
134-->[lib.5plus.base-release.aar] AndroidManifest.xml:168:9-170:40
135            android:name="io.dcloud.common.adapter.io.MiniServerService"
135-->[lib.5plus.base-release.aar] AndroidManifest.xml:169:13-73
136            android:exported="false" />
136-->[lib.5plus.base-release.aar] AndroidManifest.xml:170:13-37
137
138        <receiver
138-->[lib.5plus.base-release.aar] AndroidManifest.xml:172:9-178:20
139            android:name="io.dcloud.common.adapter.io.PushReceiver"
139-->[lib.5plus.base-release.aar] AndroidManifest.xml:173:13-68
140            android:exported="false" >
140-->[lib.5plus.base-release.aar] AndroidManifest.xml:174:13-37
141            <intent-filter>
141-->[lib.5plus.base-release.aar] AndroidManifest.xml:175:13-177:29
142                <action android:name="dcloud.push.broswer" />
142-->[lib.5plus.base-release.aar] AndroidManifest.xml:176:17-62
142-->[lib.5plus.base-release.aar] AndroidManifest.xml:176:25-59
143            </intent-filter>
144        </receiver>
145
146        <activity
146-->[lib.5plus.base-release.aar] AndroidManifest.xml:180:9-183:40
147            android:name="io.dcloud.imagepick.CustomGalleryActivity"
147-->[lib.5plus.base-release.aar] AndroidManifest.xml:181:13-69
148            android:exported="false"
148-->[lib.5plus.base-release.aar] AndroidManifest.xml:182:13-37
149            android:noHistory="true" />
149-->[lib.5plus.base-release.aar] AndroidManifest.xml:183:13-37
150        <activity
150-->[lib.5plus.base-release.aar] AndroidManifest.xml:184:9-188:58
151            android:name="io.dcloud.feature.nativeObj.photoview.PhotoActivity"
151-->[lib.5plus.base-release.aar] AndroidManifest.xml:185:13-79
152            android:exported="false"
152-->[lib.5plus.base-release.aar] AndroidManifest.xml:186:13-37
153            android:noHistory="false"
153-->[lib.5plus.base-release.aar] AndroidManifest.xml:187:13-38
154            android:theme="@style/DeviceDefault.Light" />
154-->[lib.5plus.base-release.aar] AndroidManifest.xml:188:13-55
155        <activity
155-->[lib.5plus.base-release.aar] AndroidManifest.xml:189:9-199:58
156            android:name="io.dcloud.WebAppActivity"
156-->[lib.5plus.base-release.aar] AndroidManifest.xml:190:13-52
157            android:configChanges="orientation|keyboardHidden|screenSize|mcc|mnc|fontScale"
157-->[lib.5plus.base-release.aar] AndroidManifest.xml:191:13-92
158            android:hardwareAccelerated="true"
158-->[lib.5plus.base-release.aar] AndroidManifest.xml:192:13-47
159            android:icon="@drawable/dcloud_recent"
159-->[lib.5plus.base-release.aar] AndroidManifest.xml:193:13-51
160            android:label="@string/stream_my"
160-->[lib.5plus.base-release.aar] AndroidManifest.xml:194:13-46
161            android:launchMode="singleTask"
161-->[lib.5plus.base-release.aar] AndroidManifest.xml:195:13-44
162            android:screenOrientation="portrait"
162-->[lib.5plus.base-release.aar] AndroidManifest.xml:196:13-49
163            android:taskAffinity=":stream"
163-->[lib.5plus.base-release.aar] AndroidManifest.xml:197:13-43
164            android:theme="@style/DCloudTheme"
164-->[lib.5plus.base-release.aar] AndroidManifest.xml:198:13-47
165            android:windowSoftInputMode="adjustResize" />
165-->[lib.5plus.base-release.aar] AndroidManifest.xml:199:13-55
166        <activity
166-->[lib.5plus.base-release.aar] AndroidManifest.xml:200:9-205:75
167            android:name="io.dcloud.ProcessMediator"
167-->[lib.5plus.base-release.aar] AndroidManifest.xml:201:13-53
168            android:excludeFromRecents="true"
168-->[lib.5plus.base-release.aar] AndroidManifest.xml:202:13-46
169            android:exported="false"
169-->[lib.5plus.base-release.aar] AndroidManifest.xml:203:13-37
170            android:launchMode="singleTop"
170-->[lib.5plus.base-release.aar] AndroidManifest.xml:204:13-43
171            android:theme="@android:style/Theme.Translucent.NoTitleBar" />
171-->[lib.5plus.base-release.aar] AndroidManifest.xml:205:13-72
172        <activity
172-->[lib.5plus.base-release.aar] AndroidManifest.xml:206:9-212:20
173            android:name="io.dcloud.WebviewActivity"
173-->[lib.5plus.base-release.aar] AndroidManifest.xml:207:13-53
174            android:exported="false"
174-->[lib.5plus.base-release.aar] AndroidManifest.xml:208:13-37
175            android:screenOrientation="portrait"
175-->[lib.5plus.base-release.aar] AndroidManifest.xml:209:13-49
176            android:theme="@style/ThemeNoTitleBar"
176-->[lib.5plus.base-release.aar] AndroidManifest.xml:210:13-51
177            android:windowSoftInputMode="adjustPan" >
177-->[lib.5plus.base-release.aar] AndroidManifest.xml:211:13-52
178        </activity>
179
180        <receiver
180-->[lib.5plus.base-release.aar] AndroidManifest.xml:214:9-225:20
181            android:name="io.dcloud.common.adapter.io.DownloadReceiver"
181-->[lib.5plus.base-release.aar] AndroidManifest.xml:215:13-72
182            android:exported="false" >
182-->[lib.5plus.base-release.aar] AndroidManifest.xml:216:13-37
183            <intent-filter>
183-->[lib.5plus.base-release.aar] AndroidManifest.xml:217:13-219:29
184                <action android:name="android.intent.action.DOWNLOAD_COMPLETE" />
184-->[lib.5plus.base-release.aar] AndroidManifest.xml:218:17-82
184-->[lib.5plus.base-release.aar] AndroidManifest.xml:218:25-79
185            </intent-filter>
186            <intent-filter>
186-->[lib.5plus.base-release.aar] AndroidManifest.xml:220:13-224:29
187                <action android:name="android.intent.action.PACKAGE_ADDED" />
187-->[lib.5plus.base-release.aar] AndroidManifest.xml:221:17-78
187-->[lib.5plus.base-release.aar] AndroidManifest.xml:221:25-75
188
189                <data android:scheme="package" /> <!-- HERE! -->
189-->src\main\AndroidManifest.xml:48:17-51
189-->src\main\AndroidManifest.xml:48:23-48
190            </intent-filter>
191        </receiver> <!-- gallery******start -->
192        <activity
192-->[lib.5plus.base-release.aar] AndroidManifest.xml:228:9-232:63
193            android:name="com.dmcbig.mediapicker.PickerActivity"
193-->[lib.5plus.base-release.aar] AndroidManifest.xml:229:13-65
194            android:configChanges="orientation|screenSize"
194-->[lib.5plus.base-release.aar] AndroidManifest.xml:230:13-59
195            android:theme="@style/DeviceDefault.Light"
195-->[lib.5plus.base-release.aar] AndroidManifest.xml:231:13-55
196            android:windowSoftInputMode="stateAlwaysHidden" />
196-->[lib.5plus.base-release.aar] AndroidManifest.xml:232:13-60
197        <activity
197-->[lib.5plus.base-release.aar] AndroidManifest.xml:233:9-237:63
198            android:name="com.dmcbig.mediapicker.PreviewActivity"
198-->[lib.5plus.base-release.aar] AndroidManifest.xml:234:13-66
199            android:configChanges="orientation|screenSize"
199-->[lib.5plus.base-release.aar] AndroidManifest.xml:235:13-59
200            android:theme="@style/DeviceDefault.Light"
200-->[lib.5plus.base-release.aar] AndroidManifest.xml:236:13-55
201            android:windowSoftInputMode="stateAlwaysHidden" /> <!-- gallery******end -->
201-->[lib.5plus.base-release.aar] AndroidManifest.xml:237:13-60
202        <!--
203        <provider
204            android:name="io.dcloud.common.util.DCloud_FileProvider"
205            android:authorities="${apk.applicationId}.dc.fileprovider"
206            android:exported="false"
207            android:grantUriPermissions="true">
208            <meta-data
209                android:name="android.support.FILE_PROVIDER_PATHS"
210                android:resource="@xml/dcloud_file_provider" />
211        </provider>
212        -->
213        <!--
214            <meta-data
215            android:name="DCLOUD_STREAMAPP_CHANNEL"
216            android:value="io.dcloud.%APPID%|%APPID%|" />
217        -->
218        <meta-data
218-->[lib.5plus.base-release.aar] AndroidManifest.xml:258:9-260:35
219            android:name="android.max_aspect"
219-->[lib.5plus.base-release.aar] AndroidManifest.xml:259:13-46
220            android:value="2.4" />
220-->[lib.5plus.base-release.aar] AndroidManifest.xml:260:13-32
221
222        <activity
222-->[lib.5plus.base-release.aar] AndroidManifest.xml:262:9-266:63
223            android:name="io.dcloud.feature.gallery.imageedit.IMGEditActivity"
223-->[lib.5plus.base-release.aar] AndroidManifest.xml:263:13-79
224            android:configChanges="orientation|keyboardHidden|screenSize"
224-->[lib.5plus.base-release.aar] AndroidManifest.xml:264:13-74
225            android:theme="@style/ImageEditTheme"
225-->[lib.5plus.base-release.aar] AndroidManifest.xml:265:13-50
226            android:windowSoftInputMode="stateAlwaysHidden" />
226-->[lib.5plus.base-release.aar] AndroidManifest.xml:266:13-60
227
228        <receiver
228-->[uniapp-v8-release.aar] AndroidManifest.xml:30:9-34:20
229            android:name="com.taobao.weex.WXGlobalEventReceiver"
229-->[uniapp-v8-release.aar] AndroidManifest.xml:31:13-65
230            android:enabled="true"
230-->[uniapp-v8-release.aar] AndroidManifest.xml:32:13-35
231            android:exported="false" >
231-->[uniapp-v8-release.aar] AndroidManifest.xml:33:13-37
232        </receiver>
233    </application>
234
235</manifest>